Flat profile:

Each sample counts as 0.01 seconds.
  %   cumulative   self              self     total           
 time   seconds   seconds    calls  ms/call  ms/call  name    
 21.28      0.20     0.20        1   200.00   200.00  convert_ycc_to_rgb
 17.02      0.36     0.16        1   160.00   160.00  convert_rgb_to_ycc
 15.96      0.51     0.15        1   150.00   150.00  get_rgb_pixel_array
  7.98      0.59     0.08                             __aeabi_fadd
  6.38      0.65     0.06                             __mulsf3
  5.85      0.70     0.06                             __aeabi_dmul
  4.26      0.74     0.04                             __divsf3
  3.72      0.78     0.04                             __aeabi_ui2f
  3.19      0.81     0.03                             __floatdisf
  2.66      0.83     0.03                             __fixsfsi
  1.60      0.85     0.02                             __aeabi_i2f
  1.60      0.86     0.02                             __extendsfdf2
  1.60      0.88     0.02                             __floatdidf
  1.60      0.89     0.02                             __floatsidf
  1.60      0.91     0.02                             __subsf3
  1.06      0.92     0.01                             __adddf3
  1.06      0.93     0.01                             __aeabi_frsub
  0.53      0.93     0.01                             __aeabi_f2uiz
  0.53      0.94     0.01                             _int_malloc
  0.53      0.94     0.01                             arena_get2
  0.00      0.94     0.00     1509     0.00     0.00  mmalloc
  0.00      0.94     0.00        1     0.00     0.00  allocate_rgb_array
  0.00      0.94     0.00        1     0.00     0.00  allocate_ycc_array
  0.00      0.94     0.00        1     0.00     0.00  free_bmp_info
  0.00      0.94     0.00        1     0.00     0.00  free_pixel_array
  0.00      0.94     0.00        1     0.00     0.00  free_rgb_array
  0.00      0.94     0.00        1     0.00     0.00  free_ycc_array
  0.00      0.94     0.00        1     0.00     0.00  get_bmp_info
  0.00      0.94     0.00        1     0.00   150.00  get_pixel_array
  0.00      0.94     0.00        1     0.00   510.01  main
  0.00      0.94     0.00        1     0.00     0.00  read_bmp_info

			Call graph


granularity: each sample hit covers 2 byte(s) for 1.06% of 0.94 seconds

index % time    self  children    called     name
                0.00    0.51       1/1           __libc_start_main [2]
[1]     54.3    0.00    0.51       1         main [1]
                0.20    0.00       1/1           convert_ycc_to_rgb [3]
                0.16    0.00       1/1           convert_rgb_to_ycc [4]
                0.00    0.15       1/1           get_pixel_array [5]
                0.00    0.00       1/1           get_bmp_info [31]
                0.00    0.00       1/1           allocate_ycc_array [26]
                0.00    0.00       1/1           allocate_rgb_array [25]
                0.00    0.00       1/1           free_ycc_array [30]
                0.00    0.00       1/1           free_rgb_array [29]
                0.00    0.00       1/1           free_bmp_info [27]
                0.00    0.00       1/1           free_pixel_array [28]
-----------------------------------------------
                                                 <spontaneous>
[2]     54.3    0.00    0.51                 __libc_start_main [2]
                0.00    0.51       1/1           main [1]
-----------------------------------------------
                0.20    0.00       1/1           main [1]
[3]     21.3    0.20    0.00       1         convert_ycc_to_rgb [3]
-----------------------------------------------
                0.16    0.00       1/1           main [1]
[4]     17.0    0.16    0.00       1         convert_rgb_to_ycc [4]
-----------------------------------------------
                0.00    0.15       1/1           main [1]
[5]     16.0    0.00    0.15       1         get_pixel_array [5]
                0.15    0.00       1/1           get_rgb_pixel_array [6]
                0.00    0.00       1/1509        mmalloc [24]
-----------------------------------------------
                0.15    0.00       1/1           get_pixel_array [5]
[6]     16.0    0.15    0.00       1         get_rgb_pixel_array [6]
                0.00    0.00     602/1509        mmalloc [24]
-----------------------------------------------
                                                 <spontaneous>
[7]      8.0    0.08    0.00                 __aeabi_fadd [7]
-----------------------------------------------
                                                 <spontaneous>
[8]      6.4    0.06    0.00                 __mulsf3 [8]
-----------------------------------------------
                                                 <spontaneous>
[9]      5.9    0.06    0.00                 __aeabi_dmul [9]
-----------------------------------------------
                                                 <spontaneous>
[10]     4.3    0.04    0.00                 __divsf3 [10]
-----------------------------------------------
                                                 <spontaneous>
[11]     3.7    0.04    0.00                 __aeabi_ui2f [11]
-----------------------------------------------
                                                 <spontaneous>
[12]     3.2    0.03    0.00                 __floatdisf [12]
-----------------------------------------------
                                                 <spontaneous>
[13]     2.7    0.03    0.00                 __fixsfsi [13]
-----------------------------------------------
                                                 <spontaneous>
[14]     1.6    0.02    0.00                 __aeabi_i2f [14]
-----------------------------------------------
                                                 <spontaneous>
[15]     1.6    0.02    0.00                 __extendsfdf2 [15]
-----------------------------------------------
                                                 <spontaneous>
[16]     1.6    0.02    0.00                 __floatdidf [16]
-----------------------------------------------
                                                 <spontaneous>
[17]     1.6    0.02    0.00                 __floatsidf [17]
-----------------------------------------------
                                                 <spontaneous>
[18]     1.6    0.02    0.00                 __subsf3 [18]
-----------------------------------------------
                                                 <spontaneous>
[19]     1.1    0.01    0.00                 __adddf3 [19]
-----------------------------------------------
                                                 <spontaneous>
[20]     1.1    0.01    0.00                 __aeabi_frsub [20]
-----------------------------------------------
                                                 <spontaneous>
[21]     0.5    0.01    0.00                 arena_get2 [21]
-----------------------------------------------
                                                 <spontaneous>
[22]     0.5    0.01    0.00                 __aeabi_f2uiz [22]
-----------------------------------------------
                                                 <spontaneous>
[23]     0.5    0.01    0.00                 _int_malloc [23]
-----------------------------------------------
                0.00    0.00       1/1509        get_pixel_array [5]
                0.00    0.00       2/1509        get_bmp_info [31]
                0.00    0.00     302/1509        allocate_ycc_array [26]
                0.00    0.00     602/1509        get_rgb_pixel_array [6]
                0.00    0.00     602/1509        allocate_rgb_array [25]
[24]     0.0    0.00    0.00    1509         mmalloc [24]
-----------------------------------------------
                0.00    0.00       1/1           main [1]
[25]     0.0    0.00    0.00       1         allocate_rgb_array [25]
                0.00    0.00     602/1509        mmalloc [24]
-----------------------------------------------
                0.00    0.00       1/1           main [1]
[26]     0.0    0.00    0.00       1         allocate_ycc_array [26]
                0.00    0.00     302/1509        mmalloc [24]
-----------------------------------------------
                0.00    0.00       1/1           main [1]
[27]     0.0    0.00    0.00       1         free_bmp_info [27]
-----------------------------------------------
                0.00    0.00       1/1           main [1]
[28]     0.0    0.00    0.00       1         free_pixel_array [28]
-----------------------------------------------
                0.00    0.00       1/1           main [1]
[29]     0.0    0.00    0.00       1         free_rgb_array [29]
-----------------------------------------------
                0.00    0.00       1/1           main [1]
[30]     0.0    0.00    0.00       1         free_ycc_array [30]
-----------------------------------------------
                0.00    0.00       1/1           main [1]
[31]     0.0    0.00    0.00       1         get_bmp_info [31]
                0.00    0.00       2/1509        mmalloc [24]
                0.00    0.00       1/1           read_bmp_info [32]
-----------------------------------------------
                0.00    0.00       1/1           get_bmp_info [31]
[32]     0.0    0.00    0.00       1         read_bmp_info [32]
-----------------------------------------------

Index by function name

  [19] __adddf3               [12] __floatdisf            [28] free_pixel_array
   [9] __aeabi_dmul           [17] __floatsidf            [29] free_rgb_array
  [22] __aeabi_f2uiz           [8] __mulsf3               [30] free_ycc_array
   [7] __aeabi_fadd           [18] __subsf3               [31] get_bmp_info
  [20] __aeabi_frsub          [23] _int_malloc             [5] get_pixel_array
  [14] __aeabi_i2f            [25] allocate_rgb_array      [6] get_rgb_pixel_array
  [11] __aeabi_ui2f           [26] allocate_ycc_array      [1] main
  [10] __divsf3               [21] arena_get2             [24] mmalloc
  [15] __extendsfdf2           [4] convert_rgb_to_ycc     [32] read_bmp_info
  [13] __fixsfsi               [3] convert_ycc_to_rgb
  [16] __floatdidf            [27] free_bmp_info
