Flat profile:

Each sample counts as 0.01 seconds.
  %   cumulative   self              self     total           
 time   seconds   seconds    calls  ms/call  ms/call  name    
 15.96      0.15     0.15        1   150.00   150.00  convert_rgb_to_ycc
 14.89      0.29     0.14        1   140.00   140.00  convert_ycc_to_rgb
 12.23      0.41     0.12                             __mulsf3
 11.70      0.52     0.11        1   110.00   110.00  get_rgb_pixel_array
 10.11      0.61     0.10                             __divsf3
  4.26      0.65     0.04                             __adddf3
  4.26      0.69     0.04                             __subsf3
  3.72      0.73     0.04                             __aeabi_frsub
  3.72      0.76     0.04                             __floatdisf
  3.72      0.80     0.04                             __aeabi_dmul
  3.19      0.83     0.03                             __fixsfsi
  2.66      0.85     0.03                             __aeabi_fadd
  2.13      0.87     0.02                             __extendsfdf2
  2.13      0.89     0.02                             __floatsidf
  1.60      0.91     0.02                             __aeabi_i2f
  1.60      0.92     0.02                             __aeabi_ui2f
  1.06      0.93     0.01                             mcount_internal
  0.53      0.94     0.01                             __aeabi_f2uiz
  0.53      0.94     0.01                             __floatdidf
  0.00      0.94     0.00     1509     0.00     0.00  mmalloc
  0.00      0.94     0.00        1     0.00     0.00  allocate_rgb_array
  0.00      0.94     0.00        1     0.00     0.00  allocate_ycc_array
  0.00      0.94     0.00        1     0.00     0.00  free_bmp_info
  0.00      0.94     0.00        1     0.00     0.00  free_pixel_array
  0.00      0.94     0.00        1     0.00     0.00  free_rgb_array
  0.00      0.94     0.00        1     0.00     0.00  free_ycc_array
  0.00      0.94     0.00        1     0.00     0.00  get_bmp_info
  0.00      0.94     0.00        1     0.00   110.00  get_pixel_array
  0.00      0.94     0.00        1     0.00   400.00  main
  0.00      0.94     0.00        1     0.00     0.00  read_bmp_info

			Call graph


granularity: each sample hit covers 2 byte(s) for 1.06% of 0.94 seconds

index % time    self  children    called     name
                0.00    0.40       1/1           __libc_start_main [2]
[1]     42.6    0.00    0.40       1         main [1]
                0.15    0.00       1/1           convert_rgb_to_ycc [3]
                0.14    0.00       1/1           convert_ycc_to_rgb [4]
                0.00    0.11       1/1           get_pixel_array [6]
                0.00    0.00       1/1           get_bmp_info [30]
                0.00    0.00       1/1           allocate_ycc_array [25]
                0.00    0.00       1/1           allocate_rgb_array [24]
                0.00    0.00       1/1           free_ycc_array [29]
                0.00    0.00       1/1           free_rgb_array [28]
                0.00    0.00       1/1           free_bmp_info [26]
                0.00    0.00       1/1           free_pixel_array [27]
-----------------------------------------------
                                                 <spontaneous>
[2]     42.6    0.00    0.40                 __libc_start_main [2]
                0.00    0.40       1/1           main [1]
-----------------------------------------------
                0.15    0.00       1/1           main [1]
[3]     16.0    0.15    0.00       1         convert_rgb_to_ycc [3]
-----------------------------------------------
                0.14    0.00       1/1           main [1]
[4]     14.9    0.14    0.00       1         convert_ycc_to_rgb [4]
-----------------------------------------------
                                                 <spontaneous>
[5]     12.2    0.12    0.00                 __mulsf3 [5]
-----------------------------------------------
                0.00    0.11       1/1           main [1]
[6]     11.7    0.00    0.11       1         get_pixel_array [6]
                0.11    0.00       1/1           get_rgb_pixel_array [7]
                0.00    0.00       1/1509        mmalloc [23]
-----------------------------------------------
                0.11    0.00       1/1           get_pixel_array [6]
[7]     11.7    0.11    0.00       1         get_rgb_pixel_array [7]
                0.00    0.00     602/1509        mmalloc [23]
-----------------------------------------------
                                                 <spontaneous>
[8]     10.1    0.10    0.00                 __divsf3 [8]
-----------------------------------------------
                                                 <spontaneous>
[9]      4.3    0.04    0.00                 __adddf3 [9]
-----------------------------------------------
                                                 <spontaneous>
[10]     4.3    0.04    0.00                 __subsf3 [10]
-----------------------------------------------
                                                 <spontaneous>
[11]     3.7    0.04    0.00                 __aeabi_frsub [11]
-----------------------------------------------
                                                 <spontaneous>
[12]     3.7    0.04    0.00                 __floatdisf [12]
-----------------------------------------------
                                                 <spontaneous>
[13]     3.7    0.04    0.00                 __aeabi_dmul [13]
-----------------------------------------------
                                                 <spontaneous>
[14]     3.2    0.03    0.00                 __fixsfsi [14]
-----------------------------------------------
                                                 <spontaneous>
[15]     2.7    0.03    0.00                 __aeabi_fadd [15]
-----------------------------------------------
                                                 <spontaneous>
[16]     2.1    0.02    0.00                 __extendsfdf2 [16]
-----------------------------------------------
                                                 <spontaneous>
[17]     2.1    0.02    0.00                 __floatsidf [17]
-----------------------------------------------
                                                 <spontaneous>
[18]     1.6    0.02    0.00                 __aeabi_i2f [18]
-----------------------------------------------
                                                 <spontaneous>
[19]     1.6    0.02    0.00                 __aeabi_ui2f [19]
-----------------------------------------------
                                                 <spontaneous>
[20]     1.1    0.01    0.00                 mcount_internal [20]
-----------------------------------------------
                                                 <spontaneous>
[21]     0.5    0.01    0.00                 __aeabi_f2uiz [21]
-----------------------------------------------
                                                 <spontaneous>
[22]     0.5    0.01    0.00                 __floatdidf [22]
-----------------------------------------------
                0.00    0.00       1/1509        get_pixel_array [6]
                0.00    0.00       2/1509        get_bmp_info [30]
                0.00    0.00     302/1509        allocate_ycc_array [25]
                0.00    0.00     602/1509        get_rgb_pixel_array [7]
                0.00    0.00     602/1509        allocate_rgb_array [24]
[23]     0.0    0.00    0.00    1509         mmalloc [23]
-----------------------------------------------
                0.00    0.00       1/1           main [1]
[24]     0.0    0.00    0.00       1         allocate_rgb_array [24]
                0.00    0.00     602/1509        mmalloc [23]
-----------------------------------------------
                0.00    0.00       1/1           main [1]
[25]     0.0    0.00    0.00       1         allocate_ycc_array [25]
                0.00    0.00     302/1509        mmalloc [23]
-----------------------------------------------
                0.00    0.00       1/1           main [1]
[26]     0.0    0.00    0.00       1         free_bmp_info [26]
-----------------------------------------------
                0.00    0.00       1/1           main [1]
[27]     0.0    0.00    0.00       1         free_pixel_array [27]
-----------------------------------------------
                0.00    0.00       1/1           main [1]
[28]     0.0    0.00    0.00       1         free_rgb_array [28]
-----------------------------------------------
                0.00    0.00       1/1           main [1]
[29]     0.0    0.00    0.00       1         free_ycc_array [29]
-----------------------------------------------
                0.00    0.00       1/1           main [1]
[30]     0.0    0.00    0.00       1         get_bmp_info [30]
                0.00    0.00       2/1509        mmalloc [23]
                0.00    0.00       1/1           read_bmp_info [31]
-----------------------------------------------
                0.00    0.00       1/1           get_bmp_info [30]
[31]     0.0    0.00    0.00       1         read_bmp_info [31]
-----------------------------------------------

Index by function name

   [9] __adddf3               [22] __floatdidf            [27] free_pixel_array
  [13] __aeabi_dmul           [12] __floatdisf            [28] free_rgb_array
  [21] __aeabi_f2uiz          [17] __floatsidf            [29] free_ycc_array
  [15] __aeabi_fadd            [5] __mulsf3               [30] get_bmp_info
  [11] __aeabi_frsub          [10] __subsf3                [6] get_pixel_array
  [18] __aeabi_i2f            [24] allocate_rgb_array      [7] get_rgb_pixel_array
  [19] __aeabi_ui2f           [25] allocate_ycc_array      [1] main
   [8] __divsf3                [3] convert_rgb_to_ycc     [20] mcount_internal
  [16] __extendsfdf2           [4] convert_ycc_to_rgb     [23] mmalloc
  [14] __fixsfsi              [26] free_bmp_info          [31] read_bmp_info
