Flat profile:

Each sample counts as 0.01 seconds.
  %   cumulative   self              self     total           
 time   seconds   seconds    calls  ms/call  ms/call  name    
 14.71      0.15     0.15        1   150.00   150.00  convert_rgb_to_ycc
 12.75      0.28     0.13        1   130.00   130.00  convert_ycc_to_rgb
 11.27      0.40     0.12                             __aeabi_fadd
  9.80      0.50     0.10        1   100.00   100.00  get_rgb_pixel_array
  8.33      0.58     0.09                             __divsf3
  7.35      0.66     0.08                             __fixsfsi
  6.86      0.73     0.07                             __aeabi_ui2f
  6.86      0.80     0.07                             __mulsf3
  3.92      0.84     0.04                             __adddf3
  1.96      0.86     0.02                             __aeabi_dmul
  1.96      0.88     0.02                             __aeabi_dsub
  1.96      0.90     0.02                             __aeabi_f2uiz
  1.96      0.92     0.02                             __floatdisf
  1.96      0.94     0.02                             __subsf3
  1.47      0.95     0.02                             __aeabi_d2f
  1.47      0.97     0.02                             __aeabi_ddiv
  1.47      0.98     0.02                             __aeabi_frsub
  0.98      0.99     0.01                             __extendsfdf2
  0.98      1.00     0.01                             __floatdidf
  0.98      1.01     0.01                             __floatsidf
  0.98      1.02     0.01                             malloc
  0.00      1.02     0.00     1509     0.00     0.00  mmalloc
  0.00      1.02     0.00        1     0.00     0.00  allocate_rgb_array
  0.00      1.02     0.00        1     0.00     0.00  allocate_ycc_array
  0.00      1.02     0.00        1     0.00     0.00  free_bmp_info
  0.00      1.02     0.00        1     0.00     0.00  free_pixel_array
  0.00      1.02     0.00        1     0.00     0.00  free_rgb_array
  0.00      1.02     0.00        1     0.00     0.00  free_ycc_array
  0.00      1.02     0.00        1     0.00     0.00  get_bmp_info
  0.00      1.02     0.00        1     0.00   100.00  get_pixel_array
  0.00      1.02     0.00        1     0.00   380.00  main
  0.00      1.02     0.00        1     0.00     0.00  read_bmp_info

			Call graph


granularity: each sample hit covers 2 byte(s) for 0.98% of 1.02 seconds

index % time    self  children    called     name
                0.00    0.38       1/1           __libc_start_main [2]
[1]     37.3    0.00    0.38       1         main [1]
                0.15    0.00       1/1           convert_rgb_to_ycc [3]
                0.13    0.00       1/1           convert_ycc_to_rgb [4]
                0.00    0.10       1/1           get_pixel_array [6]
                0.00    0.00       1/1           get_bmp_info [32]
                0.00    0.00       1/1           allocate_ycc_array [27]
                0.00    0.00       1/1           allocate_rgb_array [26]
                0.00    0.00       1/1           free_ycc_array [31]
                0.00    0.00       1/1           free_rgb_array [30]
                0.00    0.00       1/1           free_bmp_info [28]
                0.00    0.00       1/1           free_pixel_array [29]
-----------------------------------------------
                                                 <spontaneous>
[2]     37.3    0.00    0.38                 __libc_start_main [2]
                0.00    0.38       1/1           main [1]
-----------------------------------------------
                0.15    0.00       1/1           main [1]
[3]     14.7    0.15    0.00       1         convert_rgb_to_ycc [3]
-----------------------------------------------
                0.13    0.00       1/1           main [1]
[4]     12.7    0.13    0.00       1         convert_ycc_to_rgb [4]
-----------------------------------------------
                                                 <spontaneous>
[5]     11.3    0.12    0.00                 __aeabi_fadd [5]
-----------------------------------------------
                0.00    0.10       1/1           main [1]
[6]      9.8    0.00    0.10       1         get_pixel_array [6]
                0.10    0.00       1/1           get_rgb_pixel_array [7]
                0.00    0.00       1/1509        mmalloc [25]
-----------------------------------------------
                0.10    0.00       1/1           get_pixel_array [6]
[7]      9.8    0.10    0.00       1         get_rgb_pixel_array [7]
                0.00    0.00     602/1509        mmalloc [25]
-----------------------------------------------
                                                 <spontaneous>
[8]      8.3    0.09    0.00                 __divsf3 [8]
-----------------------------------------------
                                                 <spontaneous>
[9]      7.4    0.08    0.00                 __fixsfsi [9]
-----------------------------------------------
                                                 <spontaneous>
[10]     6.9    0.07    0.00                 __aeabi_ui2f [10]
-----------------------------------------------
                                                 <spontaneous>
[11]     6.9    0.07    0.00                 __mulsf3 [11]
-----------------------------------------------
                                                 <spontaneous>
[12]     3.9    0.04    0.00                 __adddf3 [12]
-----------------------------------------------
                                                 <spontaneous>
[13]     2.0    0.02    0.00                 __aeabi_dmul [13]
-----------------------------------------------
                                                 <spontaneous>
[14]     2.0    0.02    0.00                 __aeabi_dsub [14]
-----------------------------------------------
                                                 <spontaneous>
[15]     2.0    0.02    0.00                 __aeabi_f2uiz [15]
-----------------------------------------------
                                                 <spontaneous>
[16]     2.0    0.02    0.00                 __floatdisf [16]
-----------------------------------------------
                                                 <spontaneous>
[17]     2.0    0.02    0.00                 __subsf3 [17]
-----------------------------------------------
                                                 <spontaneous>
[18]     1.5    0.02    0.00                 __aeabi_d2f [18]
-----------------------------------------------
                                                 <spontaneous>
[19]     1.5    0.02    0.00                 __aeabi_ddiv [19]
-----------------------------------------------
                                                 <spontaneous>
[20]     1.5    0.02    0.00                 __aeabi_frsub [20]
-----------------------------------------------
                                                 <spontaneous>
[21]     1.0    0.01    0.00                 malloc [21]
-----------------------------------------------
                                                 <spontaneous>
[22]     1.0    0.01    0.00                 __extendsfdf2 [22]
-----------------------------------------------
                                                 <spontaneous>
[23]     1.0    0.01    0.00                 __floatdidf [23]
-----------------------------------------------
                                                 <spontaneous>
[24]     1.0    0.01    0.00                 __floatsidf [24]
-----------------------------------------------
                0.00    0.00       1/1509        get_pixel_array [6]
                0.00    0.00       2/1509        get_bmp_info [32]
                0.00    0.00     302/1509        allocate_ycc_array [27]
                0.00    0.00     602/1509        get_rgb_pixel_array [7]
                0.00    0.00     602/1509        allocate_rgb_array [26]
[25]     0.0    0.00    0.00    1509         mmalloc [25]
-----------------------------------------------
                0.00    0.00       1/1           main [1]
[26]     0.0    0.00    0.00       1         allocate_rgb_array [26]
                0.00    0.00     602/1509        mmalloc [25]
-----------------------------------------------
                0.00    0.00       1/1           main [1]
[27]     0.0    0.00    0.00       1         allocate_ycc_array [27]
                0.00    0.00     302/1509        mmalloc [25]
-----------------------------------------------
                0.00    0.00       1/1           main [1]
[28]     0.0    0.00    0.00       1         free_bmp_info [28]
-----------------------------------------------
                0.00    0.00       1/1           main [1]
[29]     0.0    0.00    0.00       1         free_pixel_array [29]
-----------------------------------------------
                0.00    0.00       1/1           main [1]
[30]     0.0    0.00    0.00       1         free_rgb_array [30]
-----------------------------------------------
                0.00    0.00       1/1           main [1]
[31]     0.0    0.00    0.00       1         free_ycc_array [31]
-----------------------------------------------
                0.00    0.00       1/1           main [1]
[32]     0.0    0.00    0.00       1         get_bmp_info [32]
                0.00    0.00       2/1509        mmalloc [25]
                0.00    0.00       1/1           read_bmp_info [33]
-----------------------------------------------
                0.00    0.00       1/1           get_bmp_info [32]
[33]     0.0    0.00    0.00       1         read_bmp_info [33]
-----------------------------------------------

Index by function name

  [12] __adddf3                [9] __fixsfsi              [29] free_pixel_array
  [18] __aeabi_d2f            [23] __floatdidf            [30] free_rgb_array
  [19] __aeabi_ddiv           [16] __floatdisf            [31] free_ycc_array
  [13] __aeabi_dmul           [24] __floatsidf            [32] get_bmp_info
  [14] __aeabi_dsub           [11] __mulsf3                [6] get_pixel_array
  [15] __aeabi_f2uiz          [17] __subsf3                [7] get_rgb_pixel_array
   [5] __aeabi_fadd           [26] allocate_rgb_array      [1] main
  [20] __aeabi_frsub          [27] allocate_ycc_array     [21] malloc
  [10] __aeabi_ui2f            [3] convert_rgb_to_ycc     [25] mmalloc
   [8] __divsf3                [4] convert_ycc_to_rgb     [33] read_bmp_info
  [22] __extendsfdf2          [28] free_bmp_info
