Flat profile:

Each sample counts as 0.01 seconds.
  %   cumulative   self              self     total           
 time   seconds   seconds    calls   s/call   s/call  name    
 23.74      0.80     0.80                             fwrite
 22.26      1.55     0.75        1     0.75     0.75  convert_rgb_to_ycc
 10.24      1.90     0.35                             __adddf3
  7.57      2.15     0.26                             __aeabi_dmul
  4.45      2.30     0.15        1     0.15     0.15  convert_ycc_to_rgb
  3.26      2.41     0.11                             __mulsf3
  3.12      2.52     0.11                             __floatdidf
  2.82      2.61     0.10                             __floatsidf
  2.67      2.70     0.09        1     0.09     0.09  get_rgb_pixel_array
  2.08      2.77     0.07                             __aeabi_fadd
  2.08      2.84     0.07                             __aeabi_ui2d
  1.63      2.90     0.06                             __aeabi_dsub
  1.63      2.95     0.06                             __aeabi_ui2f
  1.48      3.00     0.05        1     0.05     0.05  write_pixel_array
  1.48      3.05     0.05                             __floatdisf
  1.34      3.10     0.05                             _IO_new_file_xsputn
  1.34      3.14     0.05                             __divsf3
  1.04      3.18     0.04                             new_do_write
  0.89      3.21     0.03                             __fixdfsi
  0.59      3.23     0.02                             __aeabi_ddiv
  0.59      3.25     0.02                             __subsf3
  0.59      3.27     0.02                             fread
  0.45      3.28     0.02                             __aeabi_i2f
  0.45      3.30     0.02                             __aeabi_read_tp
  0.45      3.31     0.02                             __extendsfdf2
  0.45      3.33     0.02                             __libc_csu_init
  0.30      3.34     0.01        1     0.01     0.01  free_rgb_array
  0.30      3.35     0.01                             __aeabi_d2f
  0.30      3.36     0.01                             __aeabi_f2uiz
  0.30      3.37     0.01                             __aeabi_frsub
  0.15      3.37     0.01                             __fixsfsi
  0.00      3.37     0.00     1509     0.00     0.00  mmalloc
  0.00      3.37     0.00        1     0.00     0.00  allocate_rgb_array
  0.00      3.37     0.00        1     0.00     0.00  allocate_ycc_array
  0.00      3.37     0.00        1     0.00     0.00  free_bmp_info
  0.00      3.37     0.00        1     0.00     0.00  free_pixel_array
  0.00      3.37     0.00        1     0.00     0.00  free_ycc_array
  0.00      3.37     0.00        1     0.00     0.00  get_bmp_info
  0.00      3.37     0.00        1     0.00     0.09  get_pixel_array
  0.00      3.37     0.00        1     0.00     1.05  main
  0.00      3.37     0.00        1     0.00     0.00  read_bmp_info
  0.00      3.37     0.00        1     0.00     0.00  write_bmp_info
  0.00      3.37     0.00        1     0.00     0.05  write_to_bmp

			Call graph


granularity: each sample hit covers 2 byte(s) for 0.30% of 3.37 seconds

index % time    self  children    called     name
                0.00    1.05       1/1           __libc_start_main [2]
[1]     31.2    0.00    1.05       1         main [1]
                0.75    0.00       1/1           convert_rgb_to_ycc [4]
                0.15    0.00       1/1           convert_ycc_to_rgb [7]
                0.00    0.09       1/1           get_pixel_array [11]
                0.00    0.05       1/1           write_to_bmp [18]
                0.01    0.00       1/1           free_rgb_array [31]
                0.00    0.00       1/1           get_bmp_info [42]
                0.00    0.00       1/1           allocate_ycc_array [38]
                0.00    0.00       1/1           allocate_rgb_array [37]
                0.00    0.00       1/1           free_ycc_array [41]
                0.00    0.00       1/1           free_bmp_info [39]
                0.00    0.00       1/1           free_pixel_array [40]
-----------------------------------------------
                                                 <spontaneous>
[2]     31.2    0.00    1.05                 __libc_start_main [2]
                0.00    1.05       1/1           main [1]
-----------------------------------------------
                                                 <spontaneous>
[3]     23.7    0.80    0.00                 fwrite [3]
-----------------------------------------------
                0.75    0.00       1/1           main [1]
[4]     22.3    0.75    0.00       1         convert_rgb_to_ycc [4]
-----------------------------------------------
                                                 <spontaneous>
[5]     10.2    0.35    0.00                 __adddf3 [5]
-----------------------------------------------
                                                 <spontaneous>
[6]      7.6    0.26    0.00                 __aeabi_dmul [6]
-----------------------------------------------
                0.15    0.00       1/1           main [1]
[7]      4.5    0.15    0.00       1         convert_ycc_to_rgb [7]
-----------------------------------------------
                                                 <spontaneous>
[8]      3.3    0.11    0.00                 __mulsf3 [8]
-----------------------------------------------
                                                 <spontaneous>
[9]      3.1    0.11    0.00                 __floatdidf [9]
-----------------------------------------------
                                                 <spontaneous>
[10]     2.8    0.10    0.00                 __floatsidf [10]
-----------------------------------------------
                0.00    0.09       1/1           main [1]
[11]     2.7    0.00    0.09       1         get_pixel_array [11]
                0.09    0.00       1/1           get_rgb_pixel_array [12]
                0.00    0.00       1/1509        mmalloc [36]
-----------------------------------------------
                0.09    0.00       1/1           get_pixel_array [11]
[12]     2.7    0.09    0.00       1         get_rgb_pixel_array [12]
                0.00    0.00     602/1509        mmalloc [36]
-----------------------------------------------
                                                 <spontaneous>
[13]     2.1    0.07    0.00                 __aeabi_fadd [13]
-----------------------------------------------
                                                 <spontaneous>
[14]     2.1    0.07    0.00                 __aeabi_ui2d [14]
-----------------------------------------------
                                                 <spontaneous>
[15]     1.6    0.06    0.00                 __aeabi_dsub [15]
-----------------------------------------------
                                                 <spontaneous>
[16]     1.6    0.06    0.00                 __aeabi_ui2f [16]
-----------------------------------------------
                0.05    0.00       1/1           write_to_bmp [18]
[17]     1.5    0.05    0.00       1         write_pixel_array [17]
-----------------------------------------------
                0.00    0.05       1/1           main [1]
[18]     1.5    0.00    0.05       1         write_to_bmp [18]
                0.05    0.00       1/1           write_pixel_array [17]
                0.00    0.00       1/1           write_bmp_info [44]
-----------------------------------------------
                                                 <spontaneous>
[19]     1.5    0.05    0.00                 __floatdisf [19]
-----------------------------------------------
                                                 <spontaneous>
[20]     1.3    0.05    0.00                 _IO_new_file_xsputn [20]
-----------------------------------------------
                                                 <spontaneous>
[21]     1.3    0.05    0.00                 __divsf3 [21]
-----------------------------------------------
                                                 <spontaneous>
[22]     1.0    0.04    0.00                 new_do_write [22]
-----------------------------------------------
                                                 <spontaneous>
[23]     0.9    0.03    0.00                 __fixdfsi [23]
-----------------------------------------------
                                                 <spontaneous>
[24]     0.6    0.02    0.00                 fread [24]
-----------------------------------------------
                                                 <spontaneous>
[25]     0.6    0.02    0.00                 __aeabi_ddiv [25]
-----------------------------------------------
                                                 <spontaneous>
[26]     0.6    0.02    0.00                 __subsf3 [26]
-----------------------------------------------
                                                 <spontaneous>
[27]     0.4    0.02    0.00                 __aeabi_i2f [27]
-----------------------------------------------
                                                 <spontaneous>
[28]     0.4    0.02    0.00                 __aeabi_read_tp [28]
-----------------------------------------------
                                                 <spontaneous>
[29]     0.4    0.02    0.00                 __extendsfdf2 [29]
-----------------------------------------------
                                                 <spontaneous>
[30]     0.4    0.02    0.00                 __libc_csu_init [30]
-----------------------------------------------
                0.01    0.00       1/1           main [1]
[31]     0.3    0.01    0.00       1         free_rgb_array [31]
-----------------------------------------------
                                                 <spontaneous>
[32]     0.3    0.01    0.00                 __aeabi_d2f [32]
-----------------------------------------------
                                                 <spontaneous>
[33]     0.3    0.01    0.00                 __aeabi_f2uiz [33]
-----------------------------------------------
                                                 <spontaneous>
[34]     0.3    0.01    0.00                 __aeabi_frsub [34]
-----------------------------------------------
                                                 <spontaneous>
[35]     0.1    0.01    0.00                 __fixsfsi [35]
-----------------------------------------------
                0.00    0.00       1/1509        get_pixel_array [11]
                0.00    0.00       2/1509        get_bmp_info [42]
                0.00    0.00     302/1509        allocate_ycc_array [38]
                0.00    0.00     602/1509        get_rgb_pixel_array [12]
                0.00    0.00     602/1509        allocate_rgb_array [37]
[36]     0.0    0.00    0.00    1509         mmalloc [36]
-----------------------------------------------
                0.00    0.00       1/1           main [1]
[37]     0.0    0.00    0.00       1         allocate_rgb_array [37]
                0.00    0.00     602/1509        mmalloc [36]
-----------------------------------------------
                0.00    0.00       1/1           main [1]
[38]     0.0    0.00    0.00       1         allocate_ycc_array [38]
                0.00    0.00     302/1509        mmalloc [36]
-----------------------------------------------
                0.00    0.00       1/1           main [1]
[39]     0.0    0.00    0.00       1         free_bmp_info [39]
-----------------------------------------------
                0.00    0.00       1/1           main [1]
[40]     0.0    0.00    0.00       1         free_pixel_array [40]
-----------------------------------------------
                0.00    0.00       1/1           main [1]
[41]     0.0    0.00    0.00       1         free_ycc_array [41]
-----------------------------------------------
                0.00    0.00       1/1           main [1]
[42]     0.0    0.00    0.00       1         get_bmp_info [42]
                0.00    0.00       2/1509        mmalloc [36]
                0.00    0.00       1/1           read_bmp_info [43]
-----------------------------------------------
                0.00    0.00       1/1           get_bmp_info [42]
[43]     0.0    0.00    0.00       1         read_bmp_info [43]
-----------------------------------------------
                0.00    0.00       1/1           write_to_bmp [18]
[44]     0.0    0.00    0.00       1         write_bmp_info [44]
-----------------------------------------------

Index by function name

  [20] _IO_new_file_xsputn    [23] __fixdfsi              [31] free_rgb_array
   [5] __adddf3               [35] __fixsfsi              [41] free_ycc_array
  [32] __aeabi_d2f             [9] __floatdidf             [3] fwrite
  [25] __aeabi_ddiv           [19] __floatdisf            [42] get_bmp_info
   [6] __aeabi_dmul           [10] __floatsidf            [11] get_pixel_array
  [15] __aeabi_dsub           [30] __libc_csu_init        [12] get_rgb_pixel_array
  [33] __aeabi_f2uiz           [8] __mulsf3                [1] main
  [13] __aeabi_fadd           [26] __subsf3               [36] mmalloc
  [34] __aeabi_frsub          [37] allocate_rgb_array     [22] new_do_write
  [27] __aeabi_i2f            [38] allocate_ycc_array     [43] read_bmp_info
  [28] __aeabi_read_tp         [4] convert_rgb_to_ycc     [44] write_bmp_info
  [14] __aeabi_ui2d            [7] convert_ycc_to_rgb     [17] write_pixel_array
  [16] __aeabi_ui2f           [24] fread                  [18] write_to_bmp
  [21] __divsf3               [39] free_bmp_info
  [29] __extendsfdf2          [40] free_pixel_array
