Flat profile:

Each sample counts as 0.01 seconds.
  %   cumulative   self              self     total           
 time   seconds   seconds    calls  ms/call  ms/call  name    
 19.75      0.16     0.16        1   160.00   160.00  convert_ycc_to_rgb
 18.52      0.31     0.15        1   150.00   150.00  convert_rgb_to_ycc
 16.05      0.44     0.13                             __mulsf3
 14.81      0.56     0.12        1   120.00   120.00  get_rgb_pixel_array
 11.11      0.65     0.09                             __floatdisf
  4.32      0.69     0.04                             __fixsfsi
  3.09      0.71     0.03                             __aeabi_fadd
  2.47      0.73     0.02                             __aeabi_dmul
  1.85      0.75     0.02                             __aeabi_ui2f
  1.85      0.76     0.02                             __divsf3
  1.23      0.77     0.01                             __aeabi_d2f
  1.23      0.78     0.01                             __aeabi_ddiv
  1.23      0.79     0.01                             __aeabi_f2uiz
  1.23      0.80     0.01                             __subsf3
  0.62      0.81     0.01                             __aeabi_frsub
  0.62      0.81     0.01                             __aeabi_i2f
  0.00      0.81     0.00        1     0.00     0.00  allocate_rgb_array
  0.00      0.81     0.00        1     0.00     0.00  allocate_ycc_array
  0.00      0.81     0.00        1     0.00     0.00  get_bmp_info
  0.00      0.81     0.00        1     0.00   430.00  main

			Call graph


granularity: each sample hit covers 2 byte(s) for 1.23% of 0.81 seconds

index % time    self  children    called     name
                0.00    0.43       1/1           __libc_start_main [2]
[1]     53.1    0.00    0.43       1         main [1]
                0.16    0.00       1/1           convert_ycc_to_rgb [3]
                0.15    0.00       1/1           convert_rgb_to_ycc [4]
                0.12    0.00       1/1           get_rgb_pixel_array [6]
                0.00    0.00       1/1           get_bmp_info [21]
                0.00    0.00       1/1           allocate_ycc_array [20]
                0.00    0.00       1/1           allocate_rgb_array [19]
-----------------------------------------------
                                                 <spontaneous>
[2]     53.1    0.00    0.43                 __libc_start_main [2]
                0.00    0.43       1/1           main [1]
-----------------------------------------------
                0.16    0.00       1/1           main [1]
[3]     19.8    0.16    0.00       1         convert_ycc_to_rgb [3]
-----------------------------------------------
                0.15    0.00       1/1           main [1]
[4]     18.5    0.15    0.00       1         convert_rgb_to_ycc [4]
-----------------------------------------------
                                                 <spontaneous>
[5]     16.0    0.13    0.00                 __mulsf3 [5]
-----------------------------------------------
                0.12    0.00       1/1           main [1]
[6]     14.8    0.12    0.00       1         get_rgb_pixel_array [6]
-----------------------------------------------
                                                 <spontaneous>
[7]     11.1    0.09    0.00                 __floatdisf [7]
-----------------------------------------------
                                                 <spontaneous>
[8]      4.3    0.04    0.00                 __fixsfsi [8]
-----------------------------------------------
                                                 <spontaneous>
[9]      3.1    0.03    0.00                 __aeabi_fadd [9]
-----------------------------------------------
                                                 <spontaneous>
[10]     2.5    0.02    0.00                 __aeabi_dmul [10]
-----------------------------------------------
                                                 <spontaneous>
[11]     1.9    0.02    0.00                 __aeabi_ui2f [11]
-----------------------------------------------
                                                 <spontaneous>
[12]     1.9    0.02    0.00                 __divsf3 [12]
-----------------------------------------------
                                                 <spontaneous>
[13]     1.2    0.01    0.00                 __aeabi_d2f [13]
-----------------------------------------------
                                                 <spontaneous>
[14]     1.2    0.01    0.00                 __aeabi_ddiv [14]
-----------------------------------------------
                                                 <spontaneous>
[15]     1.2    0.01    0.00                 __aeabi_f2uiz [15]
-----------------------------------------------
                                                 <spontaneous>
[16]     1.2    0.01    0.00                 __subsf3 [16]
-----------------------------------------------
                                                 <spontaneous>
[17]     0.6    0.01    0.00                 __aeabi_frsub [17]
-----------------------------------------------
                                                 <spontaneous>
[18]     0.6    0.01    0.00                 __aeabi_i2f [18]
-----------------------------------------------
                0.00    0.00       1/1           main [1]
[19]     0.0    0.00    0.00       1         allocate_rgb_array [19]
-----------------------------------------------
                0.00    0.00       1/1           main [1]
[20]     0.0    0.00    0.00       1         allocate_ycc_array [20]
-----------------------------------------------
                0.00    0.00       1/1           main [1]
[21]     0.0    0.00    0.00       1         get_bmp_info [21]
-----------------------------------------------

Index by function name

  [13] __aeabi_d2f            [11] __aeabi_ui2f           [20] allocate_ycc_array
  [14] __aeabi_ddiv           [12] __divsf3                [4] convert_rgb_to_ycc
  [10] __aeabi_dmul            [8] __fixsfsi               [3] convert_ycc_to_rgb
  [15] __aeabi_f2uiz           [7] __floatdisf            [21] get_bmp_info
   [9] __aeabi_fadd            [5] __mulsf3                [6] get_rgb_pixel_array
  [17] __aeabi_frsub          [16] __subsf3                [1] main
  [18] __aeabi_i2f            [19] allocate_rgb_array
