Flat profile:

Each sample counts as 0.01 seconds.
  %   cumulative   self              self     total           
 time   seconds   seconds    calls  ms/call  ms/call  name    
 19.51      0.16     0.16        1   160.00   160.00  convert_rgb_to_ycc
 14.63      0.28     0.12        1   120.00   120.00  convert_ycc_to_rgb
 13.41      0.39     0.11        1   110.00   110.00  get_rgb_pixel_array
 13.41      0.50     0.11                             __mulsf3
  8.54      0.57     0.07                             __floatdisf
  4.88      0.61     0.04                             __fixsfsi
  4.27      0.65     0.04                             __aeabi_ui2f
  4.27      0.68     0.04                             __divsf3
  3.66      0.71     0.03                             __aeabi_fadd
  1.83      0.73     0.02                             __aeabi_f2uiz
  1.83      0.74     0.02                             __aeabi_frsub
  1.83      0.76     0.02                             __subsf3
  1.22      0.77     0.01                             __adddf3
  1.22      0.78     0.01                             __aeabi_d2f
  1.22      0.79     0.01                             __aeabi_ddiv
  1.22      0.80     0.01                             __aeabi_dmul
  1.22      0.81     0.01                             __floatdidf
  0.61      0.81     0.01                             __aeabi_i2f
  0.61      0.82     0.01                             __extendsfdf2
  0.61      0.82     0.01                             __floatsidf
  0.00      0.82     0.00        1     0.00     0.00  allocate_rgb_array
  0.00      0.82     0.00        1     0.00     0.00  allocate_ycc_array
  0.00      0.82     0.00        1     0.00     0.00  get_bmp_info
  0.00      0.82     0.00        1     0.00   390.00  main

			Call graph


granularity: each sample hit covers 2 byte(s) for 1.22% of 0.82 seconds

index % time    self  children    called     name
                0.00    0.39       1/1           __libc_start_main [2]
[1]     47.6    0.00    0.39       1         main [1]
                0.16    0.00       1/1           convert_rgb_to_ycc [3]
                0.12    0.00       1/1           convert_ycc_to_rgb [4]
                0.11    0.00       1/1           get_rgb_pixel_array [5]
                0.00    0.00       1/1           get_bmp_info [25]
                0.00    0.00       1/1           allocate_ycc_array [24]
                0.00    0.00       1/1           allocate_rgb_array [23]
-----------------------------------------------
                                                 <spontaneous>
[2]     47.6    0.00    0.39                 __libc_start_main [2]
                0.00    0.39       1/1           main [1]
-----------------------------------------------
                0.16    0.00       1/1           main [1]
[3]     19.5    0.16    0.00       1         convert_rgb_to_ycc [3]
-----------------------------------------------
                0.12    0.00       1/1           main [1]
[4]     14.6    0.12    0.00       1         convert_ycc_to_rgb [4]
-----------------------------------------------
                0.11    0.00       1/1           main [1]
[5]     13.4    0.11    0.00       1         get_rgb_pixel_array [5]
-----------------------------------------------
                                                 <spontaneous>
[6]     13.4    0.11    0.00                 __mulsf3 [6]
-----------------------------------------------
                                                 <spontaneous>
[7]      8.5    0.07    0.00                 __floatdisf [7]
-----------------------------------------------
                                                 <spontaneous>
[8]      4.9    0.04    0.00                 __fixsfsi [8]
-----------------------------------------------
                                                 <spontaneous>
[9]      4.3    0.04    0.00                 __aeabi_ui2f [9]
-----------------------------------------------
                                                 <spontaneous>
[10]     4.3    0.04    0.00                 __divsf3 [10]
-----------------------------------------------
                                                 <spontaneous>
[11]     3.7    0.03    0.00                 __aeabi_fadd [11]
-----------------------------------------------
                                                 <spontaneous>
[12]     1.8    0.02    0.00                 __aeabi_f2uiz [12]
-----------------------------------------------
                                                 <spontaneous>
[13]     1.8    0.02    0.00                 __aeabi_frsub [13]
-----------------------------------------------
                                                 <spontaneous>
[14]     1.8    0.02    0.00                 __subsf3 [14]
-----------------------------------------------
                                                 <spontaneous>
[15]     1.2    0.01    0.00                 __adddf3 [15]
-----------------------------------------------
                                                 <spontaneous>
[16]     1.2    0.01    0.00                 __aeabi_d2f [16]
-----------------------------------------------
                                                 <spontaneous>
[17]     1.2    0.01    0.00                 __aeabi_ddiv [17]
-----------------------------------------------
                                                 <spontaneous>
[18]     1.2    0.01    0.00                 __aeabi_dmul [18]
-----------------------------------------------
                                                 <spontaneous>
[19]     1.2    0.01    0.00                 __floatdidf [19]
-----------------------------------------------
                                                 <spontaneous>
[20]     0.6    0.01    0.00                 __aeabi_i2f [20]
-----------------------------------------------
                                                 <spontaneous>
[21]     0.6    0.01    0.00                 __extendsfdf2 [21]
-----------------------------------------------
                                                 <spontaneous>
[22]     0.6    0.01    0.00                 __floatsidf [22]
-----------------------------------------------
                0.00    0.00       1/1           main [1]
[23]     0.0    0.00    0.00       1         allocate_rgb_array [23]
-----------------------------------------------
                0.00    0.00       1/1           main [1]
[24]     0.0    0.00    0.00       1         allocate_ycc_array [24]
-----------------------------------------------
                0.00    0.00       1/1           main [1]
[25]     0.0    0.00    0.00       1         get_bmp_info [25]
-----------------------------------------------

Index by function name

  [15] __adddf3                [9] __aeabi_ui2f           [14] __subsf3
  [16] __aeabi_d2f            [10] __divsf3               [23] allocate_rgb_array
  [17] __aeabi_ddiv           [21] __extendsfdf2          [24] allocate_ycc_array
  [18] __aeabi_dmul            [8] __fixsfsi               [3] convert_rgb_to_ycc
  [12] __aeabi_f2uiz          [19] __floatdidf             [4] convert_ycc_to_rgb
  [11] __aeabi_fadd            [7] __floatdisf            [25] get_bmp_info
  [13] __aeabi_frsub          [22] __floatsidf             [5] get_rgb_pixel_array
  [20] __aeabi_i2f             [6] __mulsf3                [1] main
